<?xml version="1.0" encoding="UTF-8"?>
<coverage generated="1764916062789" clover="3.2.0">
  <project timestamp="1764916062789" name="All files">
    <metrics statements="48" coveredstatements="48" conditionals="8" coveredconditionals="8" methods="5" coveredmethods="5" elements="61" coveredelements="61" complexity="0" loc="48" ncloc="48" packages="2" files="6" classes="6"/>
    <package name="__testdata__">
      <metrics statements="1" coveredstatements="1" conditionals="0" coveredconditionals="0" methods="0" coveredmethods="0"/>
      <file name="arrays.ts" path="C:\Archive\Study\Фронтенд\Учебные_проекты\algorithms_and_data_structures\algorithms-and-data-structures\tasks\sortings\__testdata__\arrays.ts">
        <metrics statements="1" coveredstatements="1" conditionals="0" coveredconditionals="0" methods="0" coveredmethods="0"/>
        <line num="1" count="1" type="stmt"/>
      </file>
    </package>
    <package name="sorts">
      <metrics statements="47" coveredstatements="47" conditionals="8" coveredconditionals="8" methods="5" coveredmethods="5"/>
      <file name="bubble.ts" path="C:\Archive\Study\Фронтенд\Учебные_проекты\algorithms_and_data_structures\algorithms-and-data-structures\tasks\sortings\sorts\bubble.ts">
        <metrics statements="10" coveredstatements="10" conditionals="2" coveredconditionals="2" methods="1" coveredmethods="1"/>
        <line num="1" count="1" type="stmt"/>
        <line num="2" count="6" type="stmt"/>
        <line num="3" count="6" type="stmt"/>
        <line num="4" count="14" type="stmt"/>
        <line num="5" count="14" type="stmt"/>
        <line num="6" count="48" type="cond" truecount="2" falsecount="0"/>
        <line num="7" count="20" type="stmt"/>
        <line num="8" count="20" type="stmt"/>
        <line num="12" count="6" type="stmt"/>
        <line num="15" count="1" type="stmt"/>
      </file>
      <file name="index.ts" path="C:\Archive\Study\Фронтенд\Учебные_проекты\algorithms_and_data_structures\algorithms-and-data-structures\tasks\sortings\sorts\index.ts">
        <metrics statements="5" coveredstatements="5" conditionals="0" coveredconditionals="0" methods="0" coveredmethods="0"/>
        <line num="1" count="1" type="stmt"/>
        <line num="2" count="1" type="stmt"/>
        <line num="3" count="1" type="stmt"/>
        <line num="4" count="1" type="stmt"/>
        <line num="6" count="1" type="stmt"/>
      </file>
      <file name="insertion-binary.ts" path="C:\Archive\Study\Фронтенд\Учебные_проекты\algorithms_and_data_structures\algorithms-and-data-structures\tasks\sortings\sorts\insertion-binary.ts">
        <metrics statements="15" coveredstatements="15" conditionals="2" coveredconditionals="2" methods="2" coveredmethods="2"/>
        <line num="1" count="1" type="stmt"/>
        <line num="4" count="16" type="stmt"/>
        <line num="5" count="27" type="stmt"/>
        <line num="6" count="27" type="cond" truecount="2" falsecount="0"/>
        <line num="7" count="13" type="stmt"/>
        <line num="9" count="14" type="stmt"/>
        <line num="11" count="16" type="stmt"/>
        <line num="14" count="6" type="stmt"/>
        <line num="15" count="16" type="stmt"/>
        <line num="16" count="16" type="stmt"/>
        <line num="17" count="16" type="stmt"/>
        <line num="18" count="20" type="stmt"/>
        <line num="20" count="16" type="stmt"/>
        <line num="23" count="6" type="stmt"/>
        <line num="26" count="1" type="stmt"/>
      </file>
      <file name="insertion.ts" path="C:\Archive\Study\Фронтенд\Учебные_проекты\algorithms_and_data_structures\algorithms-and-data-structures\tasks\sortings\sorts\insertion.ts">
        <metrics statements="9" coveredstatements="9" conditionals="2" coveredconditionals="2" methods="1" coveredmethods="1"/>
        <line num="1" count="1" type="stmt"/>
        <line num="2" count="6" type="stmt"/>
        <line num="3" count="16" type="stmt"/>
        <line num="4" count="16" type="stmt"/>
        <line num="5" count="40" type="cond" truecount="2" falsecount="0"/>
        <line num="6" count="20" type="stmt"/>
        <line num="8" count="40" type="stmt"/>
        <line num="11" count="6" type="stmt"/>
        <line num="14" count="1" type="stmt"/>
      </file>
      <file name="selection.ts" path="C:\Archive\Study\Фронтенд\Учебные_проекты\algorithms_and_data_structures\algorithms-and-data-structures\tasks\sortings\sorts\selection.ts">
        <metrics statements="8" coveredstatements="8" conditionals="2" coveredconditionals="2" methods="1" coveredmethods="1"/>
        <line num="1" count="1" type="stmt"/>
        <line num="2" count="6" type="stmt"/>
        <line num="3" count="21" type="stmt"/>
        <line num="4" count="21" type="stmt"/>
        <line num="5" count="40" type="cond" truecount="2" falsecount="0"/>
        <line num="7" count="21" type="stmt"/>
        <line num="9" count="6" type="stmt"/>
        <line num="12" count="1" type="stmt"/>
      </file>
    </package>
  </project>
</coverage>
