<?xml version="1.0" encoding="UTF-8"?>
<coverage generated="1764674761762" clover="3.2.0">
  <project timestamp="1764674761762" name="All files">
    <metrics statements="9" coveredstatements="9" conditionals="2" coveredconditionals="2" methods="1" coveredmethods="1" elements="12" coveredelements="12" complexity="0" loc="9" ncloc="9" packages="1" files="1" classes="1"/>
    <file name="selection.ts" path="C:\Archive\Study\Фронтенд\Учебные_проекты\algorithms_and_data_structures\algorithms-and-data-structures\sortings\selection\selection.ts">
      <metrics statements="9" coveredstatements="9" conditionals="2" coveredconditionals="2" methods="1" coveredmethods="1"/>
      <line num="9" count="1" type="stmt"/>
      <line num="10" count="1" type="stmt"/>
      <line num="11" count="1" type="stmt"/>
      <line num="12" count="5" type="stmt"/>
      <line num="13" count="5" type="stmt"/>
      <line num="14" count="10" type="cond" truecount="2" falsecount="0"/>
      <line num="16" count="5" type="stmt"/>
      <line num="18" count="1" type="stmt"/>
      <line num="21" count="1" type="stmt"/>
    </file>
  </project>
</coverage>
