{"C:\\Archive\\Study\\Фронтенд\\Учебные_проекты\\algorithms_and_data_structures\\algorithms-and-data-structures\\tasks\\sortings\\__testdata__\\arrays.ts": {"path":"C:\\Archive\\Study\\Фронтенд\\Учебные_проекты\\algorithms_and_data_structures\\algorithms-and-data-structures\\tasks\\sortings\\__testdata__\\arrays.ts","statementMap":{"0":{"start":{"line":1,"column":13},"end":{"line":31,"column":11}}},"fnMap":{},"branchMap":{},"s":{"0":1},"f":{},"b":{}}
,"C:\\Archive\\Study\\Фронтенд\\Учебные_проекты\\algorithms_and_data_structures\\algorithms-and-data-structures\\tasks\\sortings\\sorts\\bubble.ts": {"path":"C:\\Archive\\Study\\Фронтенд\\Учебные_проекты\\algorithms_and_data_structures\\algorithms-and-data-structures\\tasks\\sortings\\sorts\\bubble.ts","statementMap":{"0":{"start":{"line":1,"column":19},"end":{"line":13,"column":1}},"1":{"start":{"line":2,"column":17},"end":{"line":2,"column":22}},"2":{"start":{"line":3,"column":4},"end":{"line":11,"column":5}},"3":{"start":{"line":4,"column":8},"end":{"line":4,"column":null}},"4":{"start":{"line":5,"column":8},"end":{"line":10,"column":9}},"5":{"start":{"line":5,"column":21},"end":{"line":5,"column":22}},"6":{"start":{"line":6,"column":12},"end":{"line":9,"column":13}},"7":{"start":{"line":7,"column":16},"end":{"line":7,"column":null}},"8":{"start":{"line":8,"column":16},"end":{"line":8,"column":null}},"9":{"start":{"line":12,"column":4},"end":{"line":12,"column":null}},"10":{"start":{"line":15,"column":0},"end":{"line":15,"column":null}}},"fnMap":{"0":{"name":"(anonymous_0)","decl":{"start":{"line":1,"column":19},"end":{"line":1,"column":20}},"loc":{"start":{"line":1,"column":47},"end":{"line":13,"column":1}}}},"branchMap":{"0":{"loc":{"start":{"line":6,"column":12},"end":{"line":9,"column":13}},"type":"if","locations":[{"start":{"line":6,"column":12},"end":{"line":9,"column":13}},{"start":{},"end":{}}]}},"s":{"0":1,"1":6,"2":6,"3":14,"4":14,"5":14,"6":48,"7":20,"8":20,"9":6,"10":1},"f":{"0":6},"b":{"0":[20,28]}}
,"C:\\Archive\\Study\\Фронтенд\\Учебные_проекты\\algorithms_and_data_structures\\algorithms-and-data-structures\\tasks\\sortings\\sorts\\index.ts": {"path":"C:\\Archive\\Study\\Фронтенд\\Учебные_проекты\\algorithms_and_data_structures\\algorithms-and-data-structures\\tasks\\sortings\\sorts\\index.ts","statementMap":{"0":{"start":{"line":1,"column":0},"end":{"line":1,"column":39}},"1":{"start":{"line":2,"column":0},"end":{"line":2,"column":33}},"2":{"start":{"line":3,"column":0},"end":{"line":3,"column":39}},"3":{"start":{"line":4,"column":0},"end":{"line":4,"column":52}},"4":{"start":{"line":6,"column":13},"end":{"line":11,"column":null}}},"fnMap":{},"branchMap":{},"s":{"0":1,"1":1,"2":1,"3":1,"4":1},"f":{},"b":{}}
,"C:\\Archive\\Study\\Фронтенд\\Учебные_проекты\\algorithms_and_data_structures\\algorithms-and-data-structures\\tasks\\sortings\\sorts\\insertion-binary.ts": {"path":"C:\\Archive\\Study\\Фронтенд\\Учебные_проекты\\algorithms_and_data_structures\\algorithms-and-data-structures\\tasks\\sortings\\sorts\\insertion-binary.ts","statementMap":{"0":{"start":{"line":1,"column":28},"end":{"line":24,"column":1}},"1":{"start":{"line":4,"column":8},"end":{"line":10,"column":9}},"2":{"start":{"line":5,"column":27},"end":{"line":5,"column":57}},"3":{"start":{"line":6,"column":12},"end":{"line":9,"column":null}},"4":{"start":{"line":7,"column":16},"end":{"line":7,"column":null}},"5":{"start":{"line":9,"column":16},"end":{"line":9,"column":null}},"6":{"start":{"line":11,"column":8},"end":{"line":11,"column":null}},"7":{"start":{"line":14,"column":4},"end":{"line":21,"column":5}},"8":{"start":{"line":14,"column":17},"end":{"line":14,"column":18}},"9":{"start":{"line":15,"column":23},"end":{"line":15,"column":29}},"10":{"start":{"line":16,"column":20},"end":{"line":16,"column":55}},"11":{"start":{"line":17,"column":8},"end":{"line":19,"column":9}},"12":{"start":{"line":17,"column":21},"end":{"line":17,"column":22}},"13":{"start":{"line":18,"column":12},"end":{"line":18,"column":null}},"14":{"start":{"line":20,"column":8},"end":{"line":20,"column":null}},"15":{"start":{"line":23,"column":4},"end":{"line":23,"column":null}},"16":{"start":{"line":26,"column":0},"end":{"line":26,"column":null}}},"fnMap":{"0":{"name":"(anonymous_0)","decl":{"start":{"line":1,"column":28},"end":{"line":1,"column":29}},"loc":{"start":{"line":1,"column":56},"end":{"line":24,"column":1}}},"1":{"name":"binarySearch","decl":{"start":{"line":3,"column":13},"end":{"line":3,"column":25}},"loc":{"start":{"line":3,"column":84},"end":{"line":12,"column":5}}}},"branchMap":{"0":{"loc":{"start":{"line":6,"column":12},"end":{"line":9,"column":null}},"type":"if","locations":[{"start":{"line":6,"column":12},"end":{"line":9,"column":null}},{"start":{"line":9,"column":16},"end":{"line":9,"column":null}}]}},"s":{"0":1,"1":16,"2":27,"3":27,"4":13,"5":14,"6":16,"7":6,"8":6,"9":16,"10":16,"11":16,"12":16,"13":20,"14":16,"15":6,"16":1},"f":{"0":6,"1":16},"b":{"0":[13,14]}}
,"C:\\Archive\\Study\\Фронтенд\\Учебные_проекты\\algorithms_and_data_structures\\algorithms-and-data-structures\\tasks\\sortings\\sorts\\insertion.ts": {"path":"C:\\Archive\\Study\\Фронтенд\\Учебные_проекты\\algorithms_and_data_structures\\algorithms-and-data-structures\\tasks\\sortings\\sorts\\insertion.ts","statementMap":{"0":{"start":{"line":1,"column":22},"end":{"line":12,"column":1}},"1":{"start":{"line":2,"column":4},"end":{"line":10,"column":5}},"2":{"start":{"line":2,"column":17},"end":{"line":2,"column":18}},"3":{"start":{"line":3,"column":16},"end":{"line":3,"column":21}},"4":{"start":{"line":4,"column":8},"end":{"line":9,"column":9}},"5":{"start":{"line":5,"column":12},"end":{"line":7,"column":13}},"6":{"start":{"line":6,"column":16},"end":{"line":6,"column":null}},"7":{"start":{"line":8,"column":12},"end":{"line":8,"column":null}},"8":{"start":{"line":11,"column":4},"end":{"line":11,"column":null}},"9":{"start":{"line":14,"column":0},"end":{"line":14,"column":null}}},"fnMap":{"0":{"name":"(anonymous_0)","decl":{"start":{"line":1,"column":22},"end":{"line":1,"column":23}},"loc":{"start":{"line":1,"column":50},"end":{"line":12,"column":1}}}},"branchMap":{"0":{"loc":{"start":{"line":5,"column":12},"end":{"line":7,"column":13}},"type":"if","locations":[{"start":{"line":5,"column":12},"end":{"line":7,"column":13}},{"start":{},"end":{}}]}},"s":{"0":1,"1":6,"2":6,"3":16,"4":16,"5":40,"6":20,"7":40,"8":6,"9":1},"f":{"0":6},"b":{"0":[20,20]}}
,"C:\\Archive\\Study\\Фронтенд\\Учебные_проекты\\algorithms_and_data_structures\\algorithms-and-data-structures\\tasks\\sortings\\sorts\\selection.ts": {"path":"C:\\Archive\\Study\\Фронтенд\\Учебные_проекты\\algorithms_and_data_structures\\algorithms-and-data-structures\\tasks\\sortings\\sorts\\selection.ts","statementMap":{"0":{"start":{"line":1,"column":22},"end":{"line":10,"column":1}},"1":{"start":{"line":2,"column":4},"end":{"line":8,"column":5}},"2":{"start":{"line":2,"column":17},"end":{"line":2,"column":18}},"3":{"start":{"line":3,"column":18},"end":{"line":3,"column":19}},"4":{"start":{"line":4,"column":8},"end":{"line":6,"column":9}},"5":{"start":{"line":4,"column":21},"end":{"line":4,"column":26}},"6":{"start":{"line":5,"column":12},"end":{"line":5,"column":null}},"7":{"start":{"line":5,"column":35},"end":{"line":5,"column":null}},"8":{"start":{"line":7,"column":8},"end":{"line":7,"column":null}},"9":{"start":{"line":9,"column":4},"end":{"line":9,"column":null}},"10":{"start":{"line":12,"column":0},"end":{"line":12,"column":null}}},"fnMap":{"0":{"name":"(anonymous_0)","decl":{"start":{"line":1,"column":22},"end":{"line":1,"column":23}},"loc":{"start":{"line":1,"column":50},"end":{"line":10,"column":1}}}},"branchMap":{"0":{"loc":{"start":{"line":5,"column":12},"end":{"line":5,"column":null}},"type":"if","locations":[{"start":{"line":5,"column":12},"end":{"line":5,"column":null}},{"start":{},"end":{}}]}},"s":{"0":1,"1":6,"2":6,"3":21,"4":21,"5":21,"6":40,"7":14,"8":21,"9":6,"10":1},"f":{"0":6},"b":{"0":[14,26]}}
}
