{"C:\\Archive\\Study\\Фронтенд\\Учебные_проекты\\algorithms_and_data_structures\\algorithms-and-data-structures\\sortings\\selection\\selection.ts": {"path":"C:\\Archive\\Study\\Фронтенд\\Учебные_проекты\\algorithms_and_data_structures\\algorithms-and-data-structures\\sortings\\selection\\selection.ts","statementMap":{"0":{"start":{"line":9,"column":22},"end":{"line":19,"column":1}},"1":{"start":{"line":10,"column":14},"end":{"line":10,"column":15}},"2":{"start":{"line":11,"column":4},"end":{"line":17,"column":5}},"3":{"start":{"line":11,"column":17},"end":{"line":11,"column":18}},"4":{"start":{"line":12,"column":8},"end":{"line":12,"column":null}},"5":{"start":{"line":13,"column":8},"end":{"line":15,"column":9}},"6":{"start":{"line":13,"column":21},"end":{"line":13,"column":26}},"7":{"start":{"line":14,"column":12},"end":{"line":14,"column":null}},"8":{"start":{"line":14,"column":35},"end":{"line":14,"column":null}},"9":{"start":{"line":16,"column":8},"end":{"line":16,"column":null}},"10":{"start":{"line":18,"column":4},"end":{"line":18,"column":null}},"11":{"start":{"line":21,"column":0},"end":{"line":21,"column":null}}},"fnMap":{"0":{"name":"(anonymous_0)","decl":{"start":{"line":9,"column":22},"end":{"line":9,"column":23}},"loc":{"start":{"line":9,"column":50},"end":{"line":19,"column":1}}}},"branchMap":{"0":{"loc":{"start":{"line":14,"column":12},"end":{"line":14,"column":null}},"type":"if","locations":[{"start":{"line":14,"column":12},"end":{"line":14,"column":null}},{"start":{},"end":{}}]}},"s":{"0":1,"1":1,"2":1,"3":1,"4":5,"5":5,"6":5,"7":10,"8":4,"9":5,"10":1,"11":1},"f":{"0":1},"b":{"0":[4,6]}}
}
