TN:
SF:tasks\sortings\__testdata__\arrays.ts
FNF:0
FNH:0
DA:1,1
LF:1
LH:1
BRF:0
BRH:0
end_of_record
TN:
SF:tasks\sortings\sorts\bubble.ts
FN:1,(anonymous_0)
FNF:1
FNH:1
FNDA:6,(anonymous_0)
DA:1,1
DA:2,6
DA:3,6
DA:4,14
DA:5,14
DA:6,48
DA:7,20
DA:8,20
DA:12,6
DA:15,1
LF:10
LH:10
BRDA:6,0,0,20
BRDA:6,0,1,28
BRF:2
BRH:2
end_of_record
TN:
SF:tasks\sortings\sorts\index.ts
FNF:0
FNH:0
DA:1,1
DA:2,1
DA:3,1
DA:5,1
LF:4
LH:4
BRF:0
BRH:0
end_of_record
TN:
SF:tasks\sortings\sorts\insertion.ts
FN:1,(anonymous_0)
FNF:1
FNH:1
FNDA:6,(anonymous_0)
DA:1,1
DA:3,6
DA:6,1
LF:3
LH:3
BRF:0
BRH:0
end_of_record
TN:
SF:tasks\sortings\sorts\selection.ts
FN:1,(anonymous_0)
FNF:1
FNH:1
FNDA:6,(anonymous_0)
DA:1,1
DA:2,6
DA:3,21
DA:4,21
DA:5,40
DA:7,21
DA:9,6
DA:12,1
LF:8
LH:8
BRDA:5,0,0,14
BRDA:5,0,1,26
BRF:2
BRH:2
end_of_record
