TN:
SF:tasks\sortings\__testdata__\arrays.ts
FNF:0
FNH:0
DA:1,1
LF:1
LH:1
BRF:0
BRH:0
end_of_record
TN:
SF:tasks\sortings\sorts\bubble.ts
FN:1,(anonymous_0)
FNF:1
FNH:1
FNDA:6,(anonymous_0)
DA:1,1
DA:2,6
DA:3,6
DA:4,14
DA:5,14
DA:6,48
DA:7,20
DA:8,20
DA:12,6
DA:15,1
LF:10
LH:10
BRDA:6,0,0,20
BRDA:6,0,1,28
BRF:2
BRH:2
end_of_record
TN:
SF:tasks\sortings\sorts\index.ts
FNF:0
FNH:0
DA:1,1
DA:2,1
DA:3,1
DA:4,1
DA:6,1
LF:5
LH:5
BRF:0
BRH:0
end_of_record
TN:
SF:tasks\sortings\sorts\insertion-binary.ts
FN:1,(anonymous_0)
FN:3,binarySearch
FNF:2
FNH:2
FNDA:6,(anonymous_0)
FNDA:16,binarySearch
DA:1,1
DA:4,16
DA:5,27
DA:6,27
DA:7,13
DA:9,14
DA:11,16
DA:14,6
DA:15,16
DA:16,16
DA:17,16
DA:18,20
DA:20,16
DA:23,6
DA:26,1
LF:15
LH:15
BRDA:6,0,0,13
BRDA:6,0,1,14
BRF:2
BRH:2
end_of_record
TN:
SF:tasks\sortings\sorts\insertion.ts
FN:1,(anonymous_0)
FNF:1
FNH:1
FNDA:6,(anonymous_0)
DA:1,1
DA:2,6
DA:3,16
DA:4,16
DA:5,40
DA:6,20
DA:8,40
DA:11,6
DA:14,1
LF:9
LH:9
BRDA:5,0,0,20
BRDA:5,0,1,20
BRF:2
BRH:2
end_of_record
TN:
SF:tasks\sortings\sorts\selection.ts
FN:1,(anonymous_0)
FNF:1
FNH:1
FNDA:6,(anonymous_0)
DA:1,1
DA:2,6
DA:3,21
DA:4,21
DA:5,40
DA:7,21
DA:9,6
DA:12,1
LF:8
LH:8
BRDA:5,0,0,14
BRDA:5,0,1,26
BRF:2
BRH:2
end_of_record
